<?xml version="1.0" encoding="UTF-8"?>
<testng-results ignored="0" total="1" passed="1" failed="0" skipped="0">
  <reporter-output>
  </reporter-output>
  <suite started-at="2022-02-02T13:27:38 IST" name="Suite" finished-at="2022-02-02T13:28:00 IST" duration-ms="21600">
    <groups>
    </groups>
    <test started-at="2022-02-02T13:27:38 IST" name="ChromeTest" finished-at="2022-02-02T13:28:00 IST" duration-ms="21600">
      <class name="test.TestNGKite">
        <test-method is-config="true" signature="launchTheBrowser(java.lang.String)[pri:0, instance:test.TestNGKite@65466a6a]" started-at="2022-02-02T13:27:38 IST" name="launchTheBrowser" finished-at="2022-02-02T13:27:42 IST" duration-ms="4064" status="PASS">
          <params>
            <param index="0">
              <value>
                <![CDATA[chrome]]>
              </value>
            </param>
          </params>
          <reporter-output>
          </reporter-output>
        </test-method> <!-- launchTheBrowser -->
        <test-method is-config="true" signature="initilizePOMClass()[pri:0, instance:test.TestNGKite@65466a6a]" started-at="2022-02-02T13:27:42 IST" name="initilizePOMClass" finished-at="2022-02-02T13:27:42 IST" duration-ms="34" status="PASS">
          <reporter-output>
          </reporter-output>
        </test-method> <!-- initilizePOMClass -->
        <test-method is-config="true" signature="openTheUrl()[pri:0, instance:test.TestNGKite@65466a6a]" started-at="2022-02-02T13:27:42 IST" name="openTheUrl" finished-at="2022-02-02T13:27:53 IST" duration-ms="11005" status="PASS">
          <reporter-output>
          </reporter-output>
        </test-method> <!-- openTheUrl -->
        <test-method signature="verifyTheHeader()[pri:0, instance:test.TestNGKite@65466a6a]" started-at="2022-02-02T13:27:53 IST" name="verifyTheHeader" finished-at="2022-02-02T13:27:58 IST" duration-ms="4253" status="PASS">
          <reporter-output>
          </reporter-output>
        </test-method> <!-- verifyTheHeader -->
        <test-method is-config="true" signature="logout(org.testng.ITestResult)[pri:0, instance:test.TestNGKite@65466a6a]" started-at="2022-02-02T13:27:58 IST" name="logout" finished-at="2022-02-02T13:27:59 IST" duration-ms="1280" status="PASS">
          <params>
            <param index="0">
              <value>
                <![CDATA[[TestResult name=verifyTheHeader status=SUCCESS method=TestNGKite.verifyTheHeader()[pri:0, instance:test.TestNGKite@65466a6a] output={null}]]]>
              </value>
            </param>
          </params>
          <reporter-output>
          </reporter-output>
        </test-method> <!-- logout -->
        <test-method is-config="true" signature="clearfybjects()[pri:0, instance:test.TestNGKite@65466a6a]" started-at="2022-02-02T13:27:59 IST" name="clearfybjects" finished-at="2022-02-02T13:27:59 IST" duration-ms="1" status="PASS">
          <reporter-output>
          </reporter-output>
        </test-method> <!-- clearfybjects -->
        <test-method is-config="true" signature="closeTheBrowser()[pri:0, instance:test.TestNGKite@65466a6a]" started-at="2022-02-02T13:27:59 IST" name="closeTheBrowser" finished-at="2022-02-02T13:28:00 IST" duration-ms="854" status="PASS">
          <reporter-output>
          </reporter-output>
        </test-method> <!-- closeTheBrowser -->
      </class> <!-- test.TestNGKite -->
    </test> <!-- ChromeTest -->
  </suite> <!-- Suite -->
</testng-results>
